[debug] [2021-12-07T02:51:57.946Z] ----------------------------------------------------------------------
[debug] [2021-12-07T02:51:57.947Z] Command:       C:\Program Files\nodejs\node.exe C:\Users\Rojin\AppData\Roaming\npm\node_modules\firebase-tools\lib\bin\firebase.js init
[debug] [2021-12-07T02:51:57.948Z] CLI Version:   9.23.0
[debug] [2021-12-07T02:51:57.948Z] Platform:      win32
[debug] [2021-12-07T02:51:57.948Z] Node Version:  v14.17.1
[debug] [2021-12-07T02:51:57.949Z] Time:          Tue Dec 07 2021 08:21:57 GMT+0530 (India Standard Time)
[debug] [2021-12-07T02:51:57.949Z] ----------------------------------------------------------------------
[debug] 
[debug] [2021-12-07T02:51:57.954Z] > command requires scopes: ["email","openid","https://www.googleapis.com/auth/cloudplatformprojects.readonly","https://www.googleapis.com/auth/firebase","https://www.googleapis.com/auth/cloud-platform"]
[debug] [2021-12-07T02:51:57.955Z] > authorizing via signed-in user (rojinpm19@gmail.com)
[info] 
     ######## #### ########  ######## ########     ###     ######  ########
     ##        ##  ##     ## ##       ##     ##  ##   ##  ##       ##
     ######    ##  ########  ######   ########  #########  ######  ######
     ##        ##  ##    ##  ##       ##     ## ##     ##       ## ##
     ##       #### ##     ## ######## ########  ##     ##  ######  ########

You're about to initialize a Firebase project in this directory:

  C:\Users\Rojin\Desktop\React\Facebook-yt

[info] 
=== Project Setup
[info] 
[info] First, let's associate this project directory with a Firebase project.
[info] You can create multiple project aliases by running firebase use --add, 
[info] but for now we'll just set up a default project.
[info] 
